\BOOKMARK [0][]{Cover.0}{Cover}{}% 1
\BOOKMARK [0][]{Titlepage.0}{Titlepage}{}% 2
\BOOKMARK [0][]{Abstract.0}{Abstract}{}% 3
\BOOKMARK [0][]{Acknowledgement.0}{Acknowledgement}{}% 4
\BOOKMARK [0][]{chapter.1}{1 Einleitung}{}% 5
\BOOKMARK [1][]{section*.6}{1.1 Motivation der Arbeit und Problemstellung}{chapter.1}% 6
\BOOKMARK [1][]{section*.7}{1.2 Abgrenzung zu anderen Arbeiten}{chapter.1}% 7
\BOOKMARK [1][]{section*.8}{1.3 Struktur der Arbeit}{chapter.1}% 8
\BOOKMARK [0][]{chapter.2}{2 State of the Art}{}% 9
\BOOKMARK [1][]{section*.10}{2.1 Augmented Reality \(AR\)}{chapter.2}% 10
\BOOKMARK [1][]{section*.11}{2.2 Mobile Augmented Reality \(MAR\)}{chapter.2}% 11
\BOOKMARK [2][]{section*.12}{2.2.1 Hintergrund}{section*.11}% 12
\BOOKMARK [2][]{section*.13}{2.2.2 Stand der Technik}{section*.11}% 13
\BOOKMARK [1][]{section*.14}{2.3 Graphvisualisierung}{chapter.2}% 14
\BOOKMARK [2][]{section*.15}{2.3.1 Graphen}{section*.14}% 15
\BOOKMARK [2][]{section*.16}{2.3.2 Aufgaben der Visualisierung: Visual Queries}{section*.14}% 16
\BOOKMARK [2][]{section*.17}{2.3.3 Eigenschaften guter Graphvisualisierung}{section*.14}% 17
\BOOKMARK [2][]{section*.18}{2.3.4 Strategien zur Vermeidung von Clutter}{section*.14}% 18
\BOOKMARK [2][]{section*.19}{2.3.5 Bestehende Ans\344tze im Bereich Augmented Reality}{section*.14}% 19
\BOOKMARK [0][]{chapter.3}{3 Anforderungsanalyse und Anwendungsgebiete}{}% 20
\BOOKMARK [1][]{section*.21}{3.1 Augmented Reality und Wahrnehmung}{chapter.3}% 21
\BOOKMARK [1][]{section*.22}{3.2 Technische Limitationen}{chapter.3}% 22
\BOOKMARK [1][]{section*.23}{3.3 Potentielle Anwendungsgebiete}{chapter.3}% 23
\BOOKMARK [0][]{chapter.4}{4 Konzepte}{}% 24
\BOOKMARK [1][]{section*.25}{4.1 Basiskonzept}{chapter.4}% 25
\BOOKMARK [1][]{section*.26}{4.2 Motion Tracking}{chapter.4}% 26
\BOOKMARK [1][]{section*.27}{4.3 Visualisierung}{chapter.4}% 27
\BOOKMARK [2][]{section*.28}{4.3.1 Graphmodelle}{section*.27}% 28
\BOOKMARK [2][]{section*.29}{4.3.2 Auswahl geeigneter Strategien}{section*.27}% 29
\BOOKMARK [2][]{section*.30}{4.3.3 Proximity-based Level of Detail}{section*.27}% 30
\BOOKMARK [2][]{section*.31}{4.3.4 2D vs 3D}{section*.27}% 31
\BOOKMARK [2][]{section*.32}{4.3.5 Gerichtete Graphen}{section*.27}% 32
\BOOKMARK [2][]{section*.33}{4.3.6 Multivariate Daten}{section*.27}% 33
\BOOKMARK [2][]{section*.34}{4.3.7 Tiefenwahrnehmung}{section*.27}% 34
\BOOKMARK [1][]{section*.35}{4.4 Diskussion}{chapter.4}% 35
\BOOKMARK [0][]{chapter.5}{5 Prototyp RAIN}{}% 36
\BOOKMARK [1][]{section*.37}{5.1 Toolchain}{chapter.5}% 37
\BOOKMARK [2][]{section*.38}{5.1.1 Hardware}{section*.37}% 38
\BOOKMARK [2][]{section*.39}{5.1.2 Software}{section*.37}% 39
\BOOKMARK [1][]{section*.41}{5.2 Umgesetzte Konzepte}{chapter.5}% 40
\BOOKMARK [0][]{chapter.6}{6 Fazit}{}% 41
\BOOKMARK [1][]{section*.44}{6.1 Unbeleuchtete Aspekte}{chapter.6}% 42
\BOOKMARK [1][]{section*.45}{6.2 Verbesserungsvorschl\344ge}{chapter.6}% 43
\BOOKMARK [1][]{section*.46}{6.3 Aussicht}{chapter.6}% 44
\BOOKMARK [0][]{chapter.7}{7 Zusammenfassung}{}% 45
\BOOKMARK [0][]{appendix.A}{A Example Appendix}{}% 46
\BOOKMARK [1][]{section*.49}{A.1 Appendix Section 1}{appendix.A}% 47
\BOOKMARK [1][]{section*.51}{A.2 Appendix Section 2}{appendix.A}% 48
\BOOKMARK [0][]{chapter*.53}{Literatur}{}% 49
\BOOKMARK [0][]{Colophon.0}{Colophon}{}% 50
\BOOKMARK [0][]{Declaration.0}{Declaration}{}% 51
